cn008
36
mpicc -fopenmp -g -ggdb  -lm -o rowmv rowmv.c 

OPENMP: 1000 1 0.000035 0.000000000000e+00
MIN_AVG_MAX: 1000 1 0.007301 0.007301 0.007301
MPI: 1000 1 0.007301 0.000000000000e+00

OPENMP: 1000 2 0.000256 1.566889716675e+07
MIN_AVG_MAX: 1000 1 0.006952 0.006952 0.006952
MPI: 1000 1 0.006952 1.566889716675e+07

OPENMP: 1000 4 0.000488 0.000000000000e+00
MIN_AVG_MAX: 1000 1 0.006810 0.006810 0.006810
MPI: 1000 1 0.006810 0.000000000000e+00

OPENMP: 1000 8 0.000671 1.200449667957e+07
MIN_AVG_MAX: 1000 1 0.007775 0.007775 0.007775
MPI: 1000 1 0.007775 1.200449667957e+07

OPENMP: 1000 16 0.001448 1.200449667957e+07
MIN_AVG_MAX: 1000 1 0.006937 0.006937 0.006937
MPI: 1000 1 0.006937 1.200449667957e+07

OPENMP: 1000 32 0.002749 0.000000000000e+00
MIN_AVG_MAX: 1000 1 0.006886 0.006886 0.006886
MPI: 1000 1 0.006886 0.000000000000e+00

OPENMP: 2000 1 0.000044 0.000000000000e+00
MIN_AVG_MAX: 2000 1 0.011865 0.011865 0.011865
MPI: 2000 1 0.011865 0.000000000000e+00

OPENMP: 2000 2 0.000536 0.000000000000e+00
MIN_AVG_MAX: 2000 1 0.012891 0.012891 0.012891
MPI: 2000 1 0.012891 0.000000000000e+00

OPENMP: 2000 4 0.000951 6.030554060010e+06
MIN_AVG_MAX: 2000 1 0.013565 0.013565 0.013565
MPI: 2000 1 0.013565 6.030554060010e+06

OPENMP: 2000 8 0.002147 0.000000000000e+00
MIN_AVG_MAX: 2000 1 0.013253 0.013253 0.013253
MPI: 2000 1 0.013253 0.000000000000e+00

OPENMP: 2000 16 0.002285 1.037574383123e+06
MIN_AVG_MAX: 2000 1 0.013601 0.013601 0.013601
MPI: 2000 1 0.013601 1.037574383123e+06

OPENMP: 2000 32 0.005708 0.000000000000e+00
MIN_AVG_MAX: 2000 1 0.013051 0.013051 0.013051
MPI: 2000 1 0.013051 0.000000000000e+00

OPENMP: 4000 1 0.000056 0.000000000000e+00
MIN_AVG_MAX: 4000 1 0.047814 0.047814 0.047814
MPI: 4000 1 0.047814 0.000000000000e+00

OPENMP: 4000 2 0.000714 1.056279357353e+07
MIN_AVG_MAX: 4000 1 0.047886 0.047886 0.047886
MPI: 4000 1 0.047886 1.056279357353e+07

OPENMP: 4000 4 0.000701 1.963468056716e+07
MIN_AVG_MAX: 4000 1 0.047966 0.047966 0.047966
MPI: 4000 1 0.047966 1.963468056716e+07

OPENMP: 4000 8 0.000965 0.000000000000e+00
MIN_AVG_MAX: 4000 1 0.047893 0.047893 0.047893
MPI: 4000 1 0.047893 0.000000000000e+00

OPENMP: 4000 16 0.002868 6.518081203322e+06
MIN_AVG_MAX: 4000 1 0.047946 0.047946 0.047946
MPI: 4000 1 0.047946 6.518081203322e+06

OPENMP: 4000 32 0.010661 1.448098355091e+07
MIN_AVG_MAX: 4000 1 0.047824 0.047824 0.047824
MPI: 4000 1 0.047824 1.448098355091e+07

OPENMP: 8000 1 0.000091 0.000000000000e+00
MIN_AVG_MAX: 8000 1 0.191870 0.191870 0.191870
MPI: 8000 1 0.191870 0.000000000000e+00

OPENMP: 8000 2 0.001061 0.000000000000e+00
MIN_AVG_MAX: 8000 1 0.191956 0.191956 0.191956
MPI: 8000 1 0.191956 0.000000000000e+00

OPENMP: 8000 4 0.001854 1.333864697623e+07
MIN_AVG_MAX: 8000 1 0.192486 0.192486 0.192486
MPI: 8000 1 0.192486 1.333864697623e+07

OPENMP: 8000 8 0.005339 0.000000000000e+00
MIN_AVG_MAX: 8000 1 0.191912 0.191912 0.191912
MPI: 8000 1 0.191912 0.000000000000e+00

OPENMP: 8000 16 0.004444 1.754505854530e+07
MIN_AVG_MAX: 8000 1 0.192129 0.192129 0.192129
MPI: 8000 1 0.192129 1.754505854530e+07

OPENMP: 8000 32 0.022338 0.000000000000e+00
MIN_AVG_MAX: 8000 1 0.193168 0.193168 0.193168
MPI: 8000 1 0.193168 0.000000000000e+00

OPENMP: 16000 1 0.000172 0.000000000000e+00
MIN_AVG_MAX: 16000 1 0.768392 0.768392 0.768392
MPI: 16000 1 0.768392 0.000000000000e+00

OPENMP: 16000 2 0.002004 1.662574616132e+07
MIN_AVG_MAX: 16000 1 0.770036 0.770036 0.770036
MPI: 16000 1 0.770036 1.662574616132e+07

OPENMP: 16000 4 0.007156 2.962202035819e+07
MIN_AVG_MAX: 16000 1 0.773362 0.773362 0.773362
MPI: 16000 1 0.773362 2.962202035819e+07

OPENMP: 16000 8 0.005976 3.453139978370e+07
MIN_AVG_MAX: 16000 1 0.779415 0.779415 0.779415
MPI: 16000 1 0.779415 3.453139978370e+07

OPENMP: 16000 16 0.022313 4.715269715971e+06
MIN_AVG_MAX: 16000 1 0.769879 0.769879 0.769879
MPI: 16000 1 0.769879 4.715269715971e+06

OPENMP: 16000 32 0.022693 6.958063372125e+07
MIN_AVG_MAX: 16000 1 0.767005 0.767005 0.767005
MPI: 16000 1 0.767005 6.958063372125e+07

OPENMP: 32000 1 0.000292 0.000000000000e+00
MIN_AVG_MAX: 32000 1 3.092127 3.092127 3.092127
MPI: 32000 1 3.092127 0.000000000000e+00

OPENMP: 32000 2 0.003402 9.326380577256e+07
MIN_AVG_MAX: 32000 1 3.079304 3.079304 3.079304
MPI: 32000 1 3.079304 9.326380577256e+07

OPENMP: 32000 4 0.016003 6.419357806247e+07
MIN_AVG_MAX: 32000 1 3.078255 3.078255 3.078255
MPI: 32000 1 3.078255 6.419357806247e+07

OPENMP: 32000 8 0.012101 1.267452811439e+08
MIN_AVG_MAX: 32000 1 3.076666 3.076666 3.076666
MPI: 32000 1 3.076666 1.267452811439e+08

OPENMP: 32000 16 0.038844 0.000000000000e+00
MIN_AVG_MAX: 32000 1 3.076885 3.076885 3.076885
MPI: 32000 1 3.076885 0.000000000000e+00

OPENMP: 32000 32 0.036672 1.558751278749e+08
MIN_AVG_MAX: 32000 1 3.085049 3.085049 3.085049
MPI: 32000 1 3.085049 1.558751278749e+08

Allocation failed

Allocation failed

Allocation failed

Allocation failed

Allocation failed

Allocation failed
