//PLOT 1; Her işlem için elde edilen “time” değerlerinin maksimum, minimum ve ortalama
değerlerini bir plot çizerek gösterin ve sonuçları kısaca yorumlayın.[Figür 1]

2000  1    0.1 0.7 0.4
4000  1    1.1 1.9 1.6
8000  1    3.0 3.5 3.2
2000  2    0.05 0.5 0.1
4000  2    0.9 0.9 0.9
8000  2    1.9 4 2

//Maksimum “time” değeri için speedup ve efficiency plotlarını çizin. [Figür 2 ve 3]
//K=1 iken OpenMP kısmını 1, 2, 4, 8, 16, 32 thread için çalıştırıp zaman, speedup ve
efficiency plotlarını çizin. [Figür 4, 5 ve 6]

1000  1 0.001237 3
2000  1 0.005033 15
4000  1 0.020536 61
8000  1 0.094493 244
16000 1 0.309444 976
32000 1 1.641406 3906
  1000      2 0.000605 1
  2000      2 0.002354 7
  4000      2 0.009340 30
  8000      2 0.065972 122
 16000      2 0.238432 488
 32000      2 0.641486 1953
  1000      4 0.004165 0
  2000      4 0.001244 3
  4000      4 0.005114 15
  8000      4 0.020699 61
 16000      4 0.097902 244
 32000      4 0.456431 976
  1000      8 0.004071 0
  2000      8 0.000601 1
  4000      8 0.002299 7
  8000      8 0.009481 30
 16000      8 0.065962 122
 32000      8 0.237056 488